<?xml version="1.0" encoding="UTF-8"?>
<testng-results skipped="0" failed="0" ignored="0" total="1" passed="1">
  <reporter-output>
    <line>
      <![CDATA[!!!!!!!!]]>
    </line>
    <line>
      <![CDATA[Given Two test cases passed]]>
    </line>
    <line>
      <![CDATA[!!!!!!!!]]>
    </line>
    <line>
      <![CDATA[
]]>
    </line>
    <line>
      <![CDATA[!!!!!!!!]]>
    </line>
    <line>
      <![CDATA[Given Two test cases passed]]>
    </line>
    <line>
      <![CDATA[!!!!!!!!]]>
    </line>
    <line>
      <![CDATA[
]]>
    </line>
  </reporter-output>
  <suite name="Default suite" duration-ms="93821" started-at="2020-11-16T14:28:03 CAT" finished-at="2020-11-16T14:29:37 CAT">
    <groups>
    </groups>
    <test name="Default test" duration-ms="93821" started-at="2020-11-16T14:28:03 CAT" finished-at="2020-11-16T14:29:37 CAT">
      <class name="ABSATest.API.APITest">
        <test-method status="PASS" signature="readExcelandexecute()[pri:0, instance:ABSATest.API.APITest@2a556333]" name="readExcelandexecute" duration-ms="93769" started-at="2020-11-16T14:28:03 CAT" finished-at="2020-11-16T14:29:37 CAT">
          <reporter-output>
            <line>
              <![CDATA[!!!!!!!!]]>
            </line>
            <line>
              <![CDATA[Given Two test cases passed]]>
            </line>
            <line>
              <![CDATA[!!!!!!!!]]>
            </line>
            <line>
              <![CDATA[
]]>
            </line>
            <line>
              <![CDATA[!!!!!!!!]]>
            </line>
            <line>
              <![CDATA[Given Two test cases passed]]>
            </line>
            <line>
              <![CDATA[!!!!!!!!]]>
            </line>
            <line>
              <![CDATA[
]]>
            </line>
          </reporter-output>
        </test-method> <!-- readExcelandexecute -->
      </class> <!-- ABSATest.API.APITest -->
    </test> <!-- Default test -->
  </suite> <!-- Default suite -->
</testng-results>
